#
# There is insufficient memory for the Java Runtime Environment to continue.
# Native memory allocation (malloc) failed to allocate 1842416 bytes for Chunk::new
# Possible reasons:
#   The system is out of physical RAM or swap space
#   The process is running with CompressedOops enabled, and the Java Heap may be blocking the growth of the native heap
# Possible solutions:
#   Reduce memory load on the system
#   Increase physical memory or swap space
#   Check if swap backing store is full
#   Decrease Java heap size (-Xmx/-Xms)
#   Decrease number of Java threads
#   Decrease Java thread stack sizes (-Xss)
#   Set larger code cache with -XX:ReservedCodeCacheSize=
#   JVM is running with Unscaled Compressed Oops mode in which the Java heap is
#     placed in the first 4GB address space. The Java Heap base address is the
#     maximum limit for the native heap growth. Please use -XX:HeapBaseMinAddress
#     to set the Java Heap base and to place the Java Heap above 4GB virtual address.
# This output file may be truncated or incomplete.
#
#  Out of Memory Error (src/hotspot/share/memory/arena.cpp:197), pid=3364, tid=12976
#
# JRE version: OpenJDK Runtime Environment (11.0.15) (build 11.0.15+0-b2043.56-9505619)
# Java VM: OpenJDK 64-Bit Server VM (11.0.15+0-b2043.56-9505619, mixed mode, tiered, compressed oops, g1 gc, windows-amd64)
# No core dump will be written. Minidumps are not enabled by default on client versions of Windows
#

---------------  S U M M A R Y ------------

Command Line: --add-opens=java.base/java.util=ALL-UNNAMED --add-opens=java.base/java.lang=ALL-UNNAMED --add-opens=java.base/java.lang.invoke=ALL-UNNAMED --add-opens=java.base/java.util=ALL-UNNAMED --add-opens=java.prefs/java.util.prefs=ALL-UNNAMED --add-opens=java.prefs/java.util.prefs=ALL-UNNAMED --add-opens=java.base/java.nio.charset=ALL-UNNAMED --add-opens=java.base/java.net=ALL-UNNAMED --add-opens=java.base/java.util.concurrent.atomic=ALL-UNNAMED -Xmx2048m -Dfile.encoding=UTF-8 -Duser.country=ES -Duser.language=es -Duser.variant org.gradle.launcher.daemon.bootstrap.GradleDaemon 7.5

Host: 12th Gen Intel(R) Core(TM) i5-12400F, 12 cores, 15G,  Windows 10 , 64 bit Build 19041 (10.0.19041.2788)
Time: Mon May  8 23:58:12 2023 Hora estándar de Argentina elapsed time: 2.410764 seconds (0d 0h 0m 2s)

---------------  T H R E A D  ---------------

Current thread (0x000002677cdfc000):  JavaThread "C2 CompilerThread2" daemon [_thread_in_native, id=12976, stack(0x000000aa6fc00000,0x000000aa6fd00000)]


Current CompileTask:
C2:   2410 2920       4       java.lang.invoke.MethodType::makeImpl (108 bytes)

Stack: [0x000000aa6fc00000,0x000000aa6fd00000]
Native frames: (J=compiled Java code, j=interpreted, Vv=VM code, C=native code)
V  [jvm.dll+0x64135a]
V  [jvm.dll+0x7d39f9]
V  [jvm.dll+0x7d51b9]
V  [jvm.dll+0x7d58a3]
V  [jvm.dll+0x2691c5]
V  [jvm.dll+0xc1a5c]
V  [jvm.dll+0xc200c]
V  [jvm.dll+0x377462]
V  [jvm.dll+0x342495]
V  [jvm.dll+0x34186a]
V  [jvm.dll+0x2214bd]
V  [jvm.dll+0x220498]
V  [jvm.dll+0x19e851]
V  [jvm.dll+0x230479]
V  [jvm.dll+0x22e5ef]
V  [jvm.dll+0x794de1]
V  [jvm.dll+0x78dc24]
V  [jvm.dll+0x6400f6]
C  [ucrtbase.dll+0x21bb2]
C  [KERNEL32.DLL+0x17604]
C  [ntdll.dll+0x526a1]


---------------  P R O C E S S  ---------------

Threads class SMR info:
_java_thread_list=0x0000026700bc0320, length=35, elements={
0x000002675fc69000, 0x000002677cd8a800, 0x000002677cd93800, 0x000002677cde6800,
0x000002677cde8000, 0x000002677cdea000, 0x000002677cdf5000, 0x000002677ce00000,
0x000002677ce04800, 0x000002677cf76000, 0x000002677f641000, 0x000002677f482800,
0x000002677e168000, 0x000002677e314800, 0x0000026700262000, 0x000002677f4cc000,
0x000002677eeac800, 0x000002677f2f4000, 0x000002677f42d800, 0x000002677f923000,
0x000002677f925000, 0x000002677f924000, 0x000002677f91f000, 0x000002677cdfe800,
0x000002677f925800, 0x000002677f920000, 0x000002677f920800, 0x000002677f921800,
0x000002677f922800, 0x000002677f832000, 0x000002677f831000, 0x000002677f82f800,
0x000002677f82e000, 0x000002677f830800, 0x000002677cdfc000
}

Java Threads: ( => current thread )
  0x000002675fc69000 JavaThread "main" [_thread_blocked, id=18004, stack(0x000000aa6c800000,0x000000aa6c900000)]
  0x000002677cd8a800 JavaThread "Reference Handler" daemon [_thread_blocked, id=23860, stack(0x000000aa6cf00000,0x000000aa6d000000)]
  0x000002677cd93800 JavaThread "Finalizer" daemon [_thread_blocked, id=23496, stack(0x000000aa6d000000,0x000000aa6d100000)]
  0x000002677cde6800 JavaThread "Signal Dispatcher" daemon [_thread_blocked, id=23256, stack(0x000000aa6d100000,0x000000aa6d200000)]
  0x000002677cde8000 JavaThread "Attach Listener" daemon [_thread_blocked, id=23400, stack(0x000000aa6d200000,0x000000aa6d300000)]
  0x000002677cdea000 JavaThread "Service Thread" daemon [_thread_blocked, id=4264, stack(0x000000aa6d300000,0x000000aa6d400000)]
  0x000002677cdf5000 JavaThread "C2 CompilerThread0" daemon [_thread_in_native, id=17812, stack(0x000000aa6d400000,0x000000aa6d500000)]
  0x000002677ce00000 JavaThread "C1 CompilerThread0" daemon [_thread_blocked, id=16644, stack(0x000000aa6d500000,0x000000aa6d600000)]
  0x000002677ce04800 JavaThread "Sweeper thread" daemon [_thread_blocked, id=19968, stack(0x000000aa6d600000,0x000000aa6d700000)]
  0x000002677cf76000 JavaThread "Common-Cleaner" daemon [_thread_blocked, id=17140, stack(0x000000aa6d700000,0x000000aa6d800000)]
  0x000002677f641000 JavaThread "Daemon health stats" [_thread_blocked, id=13352, stack(0x000000aa6e000000,0x000000aa6e100000)]
  0x000002677f482800 JavaThread "Incoming local TCP Connector on port 57909" [_thread_in_native, id=20968, stack(0x000000aa6d900000,0x000000aa6da00000)]
  0x000002677e168000 JavaThread "Daemon periodic checks" [_thread_blocked, id=16712, stack(0x000000aa6da00000,0x000000aa6db00000)]
  0x000002677e314800 JavaThread "Daemon" [_thread_blocked, id=9952, stack(0x000000aa6e100000,0x000000aa6e200000)]
  0x0000026700262000 JavaThread "Handler for socket connection from /127.0.0.1:57909 to /127.0.0.1:57910" [_thread_in_native, id=18732, stack(0x000000aa6e200000,0x000000aa6e300000)]
  0x000002677f4cc000 JavaThread "Cancel handler" [_thread_blocked, id=22016, stack(0x000000aa6e300000,0x000000aa6e400000)]
  0x000002677eeac800 JavaThread "Daemon worker" [_thread_in_vm, id=18836, stack(0x000000aa6e400000,0x000000aa6e500000)]
  0x000002677f2f4000 JavaThread "Asynchronous log dispatcher for DefaultDaemonConnection: socket connection from /127.0.0.1:57909 to /127.0.0.1:57910" [_thread_blocked, id=16312, stack(0x000000aa6e500000,0x000000aa6e600000)]
  0x000002677f42d800 JavaThread "Stdin handler" [_thread_blocked, id=14072, stack(0x000000aa6e600000,0x000000aa6e700000)]
  0x000002677f923000 JavaThread "Daemon client event forwarder" [_thread_blocked, id=24060, stack(0x000000aa6e700000,0x000000aa6e800000)]
  0x000002677f925000 JavaThread "Cache worker for journal cache (C:\Users\Usuario\.gradle\caches\journal-1)" [_thread_blocked, id=10556, stack(0x000000aa6e800000,0x000000aa6e900000)]
  0x000002677f924000 JavaThread "File lock request listener" [_thread_in_native, id=16480, stack(0x000000aa6e900000,0x000000aa6ea00000)]
  0x000002677f91f000 JavaThread "Cache worker for file hash cache (C:\Users\Usuario\.gradle\caches\7.5\fileHashes)" [_thread_blocked, id=21920, stack(0x000000aa6f000000,0x000000aa6f100000)]
  0x000002677cdfe800 JavaThread "C2 CompilerThread1" daemon [_thread_in_native, id=17460, stack(0x000000aa6f100000,0x000000aa6f200000)]
  0x000002677f925800 JavaThread "File watcher server" daemon [_thread_in_native, id=16680, stack(0x000000aa6f200000,0x000000aa6f300000)]
  0x000002677f920000 JavaThread "File watcher consumer" daemon [_thread_blocked, id=22508, stack(0x000000aa6f300000,0x000000aa6f400000)]
  0x000002677f920800 JavaThread "Cache worker for checksums cache (C:\Users\Usuario\AndroidStudioProjects\ScreenSpaceApp\.gradle\7.5\checksums)" [_thread_blocked, id=6224, stack(0x000000aa6f400000,0x000000aa6f500000)]
  0x000002677f921800 JavaThread "Cache worker for cache directory md-rule (C:\Users\Usuario\.gradle\caches\7.5\md-rule)" [_thread_blocked, id=17304, stack(0x000000aa6f500000,0x000000aa6f600000)]
  0x000002677f922800 JavaThread "Cache worker for file content cache (C:\Users\Usuario\.gradle\caches\7.5\fileContent)" [_thread_blocked, id=3192, stack(0x000000aa6f600000,0x000000aa6f700000)]
  0x000002677f832000 JavaThread "Cache worker for file hash cache (C:\Users\Usuario\AndroidStudioProjects\ScreenSpaceApp\.gradle\7.5\fileHashes)" [_thread_blocked, id=22764, stack(0x000000aa6f700000,0x000000aa6f800000)]
  0x000002677f831000 JavaThread "Cache worker for cache directory md-supplier (C:\Users\Usuario\.gradle\caches\7.5\md-supplier)" [_thread_blocked, id=5080, stack(0x000000aa6f800000,0x000000aa6f900000)]
  0x000002677f82f800 JavaThread "Cache worker for execution history cache (C:\Users\Usuario\.gradle\caches\7.5\executionHistory)" [_thread_blocked, id=12144, stack(0x000000aa6f900000,0x000000aa6fa00000)]
  0x000002677f82e000 JavaThread "jar transforms" [_thread_blocked, id=16412, stack(0x000000aa6fa00000,0x000000aa6fb00000)]
  0x000002677f830800 JavaThread "jar transforms Thread 2" [_thread_blocked, id=19724, stack(0x000000aa6fb00000,0x000000aa6fc00000)]
=>0x000002677cdfc000 JavaThread "C2 CompilerThread2" daemon [_thread_in_native, id=12976, stack(0x000000aa6fc00000,0x000000aa6fd00000)]

Other Threads:
  0x000002677cd86800 VMThread "VM Thread" [stack: 0x000000aa6ce00000,0x000000aa6cf00000] [id=14676]
  0x000002677cf87800 WatcherThread [stack: 0x000000aa6d800000,0x000000aa6d900000] [id=17552]
  0x000002675fc83800 GCTaskThread "GC Thread#0" [stack: 0x000000aa6c900000,0x000000aa6ca00000] [id=22368]
  0x000002677d6f5800 GCTaskThread "GC Thread#1" [stack: 0x000000aa6db00000,0x000000aa6dc00000] [id=1348]
  0x000002677d6d3000 GCTaskThread "GC Thread#2" [stack: 0x000000aa6dc00000,0x000000aa6dd00000] [id=3680]
  0x000002677d939800 GCTaskThread "GC Thread#3" [stack: 0x000000aa6dd00000,0x000000aa6de00000] [id=6688]
  0x000002677d7ec800 GCTaskThread "GC Thread#4" [stack: 0x000000aa6de00000,0x000000aa6df00000] [id=4152]
  0x000002677dc8d000 GCTaskThread "GC Thread#5" [stack: 0x000000aa6df00000,0x000000aa6e000000] [id=5020]
  0x000002677f757800 GCTaskThread "GC Thread#6" [stack: 0x000000aa6ea00000,0x000000aa6eb00000] [id=2828]
  0x000002677f3a7800 GCTaskThread "GC Thread#7" [stack: 0x000000aa6eb00000,0x000000aa6ec00000] [id=11084]
  0x000002670066a800 GCTaskThread "GC Thread#8" [stack: 0x000000aa6ec00000,0x000000aa6ed00000] [id=6440]
  0x000002677f1e1000 GCTaskThread "GC Thread#9" [stack: 0x000000aa6ed00000,0x000000aa6ee00000] [id=12900]
  0x000002675fcb5000 ConcurrentGCThread "G1 Main Marker" [stack: 0x000000aa6ca00000,0x000000aa6cb00000] [id=17508]
  0x000002675fcb7800 ConcurrentGCThread "G1 Conc#0" [stack: 0x000000aa6cb00000,0x000000aa6cc00000] [id=22136]
  0x000002677f0d1800 ConcurrentGCThread "G1 Conc#1" [stack: 0x000000aa6ee00000,0x000000aa6ef00000] [id=16000]
  0x000002677fa1e800 ConcurrentGCThread "G1 Conc#2" [stack: 0x000000aa6ef00000,0x000000aa6f000000] [id=5980]
  0x000002677c3cf800 ConcurrentGCThread "G1 Refine#0" [stack: 0x000000aa6cc00000,0x000000aa6cd00000] [id=13820]
  0x000002677c3d0000 ConcurrentGCThread "G1 Young RemSet Sampling" [stack: 0x000000aa6cd00000,0x000000aa6ce00000] [id=11904]

Threads with active compile tasks:
C2 CompilerThread0     2436 3028       4       jdk.nio.zipfs.ZipFileSystem$ParentLookup::equals (34 bytes)
C2 CompilerThread1     2436 3025       4       java.util.HashMap::containsKey (18 bytes)
C2 CompilerThread2     2436 2920       4       java.lang.invoke.MethodType::makeImpl (108 bytes)

VM state:not at safepoint (normal execution)

VM Mutex/Monitor currently owned by a thread: None

Heap address: 0x0000000080000000, size: 2048 MB, Compressed Oops mode: 32-bit
Narrow klass base: 0x0000000000000000, Narrow klass shift: 3
Compressed class space size: 1073741824 Address: 0x0000000100000000

Heap:
 garbage-first heap   total 260096K, used 32598K [0x0000000080000000, 0x0000000100000000)
  region size 1024K, 17 young (17408K), 6 survivors (6144K)
 Metaspace       used 38044K, capacity 38991K, committed 39344K, reserved 1083392K
  class space    used 4919K, capacity 5276K, committed 5376K, reserved 1048576K
Heap Regions: E=young(eden), S=young(survivor), O=old, HS=humongous(starts), HC=humongous(continues), CS=collection set, F=free, A=archive, TAMS=top-at-mark-start (previous, next)
|   0|0x0000000080000000, 0x0000000080100000, 0x0000000080100000|100%| O|  |TAMS 0x0000000080100000, 0x0000000080000000| Untracked 
|   1|0x0000000080100000, 0x0000000080200000, 0x0000000080200000|100%| O|  |TAMS 0x0000000080200000, 0x0000000080100000| Untracked 
|   2|0x0000000080200000, 0x0000000080300000, 0x0000000080300000|100%| O|  |TAMS 0x0000000080300000, 0x0000000080200000| Untracked 
|   3|0x0000000080300000, 0x0000000080400000, 0x0000000080400000|100%|HS|  |TAMS 0x0000000080400000, 0x0000000080300000| Complete 
|   4|0x0000000080400000, 0x0000000080500000, 0x0000000080500000|100%|HC|  |TAMS 0x0000000080500000, 0x0000000080400000| Complete 
|   5|0x0000000080500000, 0x0000000080600000, 0x0000000080600000|100%|HC|  |TAMS 0x0000000080600000, 0x0000000080500000| Complete 
|   6|0x0000000080600000, 0x0000000080700000, 0x0000000080700000|100%| O|  |TAMS 0x0000000080700000, 0x0000000080600000| Untracked 
|   7|0x0000000080700000, 0x0000000080800000, 0x0000000080800000|100%| O|  |TAMS 0x0000000080800000, 0x0000000080700000| Untracked 
|   8|0x0000000080800000, 0x0000000080900000, 0x0000000080900000|100%| O|  |TAMS 0x0000000080900000, 0x0000000080800000| Untracked 
|   9|0x0000000080900000, 0x0000000080a00000, 0x0000000080a00000|100%| O|  |TAMS 0x0000000080a00000, 0x0000000080900000| Untracked 
|  10|0x0000000080a00000, 0x0000000080b00000, 0x0000000080b00000|100%| O|  |TAMS 0x0000000080b00000, 0x0000000080a00000| Untracked 
|  11|0x0000000080b00000, 0x0000000080c00000, 0x0000000080c00000|100%| O|  |TAMS 0x0000000080c00000, 0x0000000080b00000| Untracked 
|  12|0x0000000080c00000, 0x0000000080d00000, 0x0000000080d00000|100%| O|  |TAMS 0x0000000080d00000, 0x0000000080c00000| Untracked 
|  13|0x0000000080d00000, 0x0000000080e00000, 0x0000000080e00000|100%| O|  |TAMS 0x0000000080e00000, 0x0000000080d00000| Untracked 
|  14|0x0000000080e00000, 0x0000000080f00000, 0x0000000080f00000|100%| O|  |TAMS 0x0000000080f00000, 0x0000000080e00000| Untracked 
|  15|0x0000000080f00000, 0x0000000081000000, 0x0000000081000000|100%| O|  |TAMS 0x0000000081000000, 0x0000000080f00000| Untracked 
|  16|0x0000000081000000, 0x0000000081032200, 0x0000000081100000| 19%| O|  |TAMS 0x0000000081032200, 0x0000000081000000| Untracked 
|  17|0x0000000081100000, 0x0000000081100000, 0x0000000081200000|  0%| F|  |TAMS 0x0000000081100000, 0x0000000081100000| Untracked 
|  18|0x0000000081200000, 0x0000000081200000, 0x0000000081300000|  0%| F|  |TAMS 0x0000000081200000, 0x0000000081200000| Untracked 
|  19|0x0000000081300000, 0x0000000081300000, 0x0000000081400000|  0%| F|  |TAMS 0x0000000081300000, 0x0000000081300000| Untracked 
|  20|0x0000000081400000, 0x0000000081400000, 0x0000000081500000|  0%| F|  |TAMS 0x0000000081400000, 0x0000000081400000| Untracked 
|  21|0x0000000081500000, 0x0000000081500000, 0x0000000081600000|  0%| F|  |TAMS 0x0000000081500000, 0x0000000081500000| Untracked 
|  22|0x0000000081600000, 0x0000000081600000, 0x0000000081700000|  0%| F|  |TAMS 0x0000000081600000, 0x0000000081600000| Untracked 
|  23|0x0000000081700000, 0x0000000081700000, 0x0000000081800000|  0%| F|  |TAMS 0x0000000081700000, 0x0000000081700000| Untracked 
|  24|0x0000000081800000, 0x0000000081800000, 0x0000000081900000|  0%| F|  |TAMS 0x0000000081800000, 0x0000000081800000| Untracked 
|  25|0x0000000081900000, 0x0000000081900000, 0x0000000081a00000|  0%| F|  |TAMS 0x0000000081900000, 0x0000000081900000| Untracked 
|  26|0x0000000081a00000, 0x0000000081a00000, 0x0000000081b00000|  0%| F|  |TAMS 0x0000000081a00000, 0x0000000081a00000| Untracked 
|  27|0x0000000081b00000, 0x0000000081b00000, 0x0000000081c00000|  0%| F|  |TAMS 0x0000000081b00000, 0x0000000081b00000| Untracked 
|  28|0x0000000081c00000, 0x0000000081c00000, 0x0000000081d00000|  0%| F|  |TAMS 0x0000000081c00000, 0x0000000081c00000| Untracked 
|  29|0x0000000081d00000, 0x0000000081d00000, 0x0000000081e00000|  0%| F|  |TAMS 0x0000000081d00000, 0x0000000081d00000| Untracked 
|  30|0x0000000081e00000, 0x0000000081e00000, 0x0000000081f00000|  0%| F|  |TAMS 0x0000000081e00000, 0x0000000081e00000| Untracked 
|  31|0x0000000081f00000, 0x0000000081f00000, 0x0000000082000000|  0%| F|  |TAMS 0x0000000081f00000, 0x0000000081f00000| Untracked 
|  32|0x0000000082000000, 0x0000000082000000, 0x0000000082100000|  0%| F|  |TAMS 0x0000000082000000, 0x0000000082000000| Untracked 
|  33|0x0000000082100000, 0x0000000082100000, 0x0000000082200000|  0%| F|  |TAMS 0x0000000082100000, 0x0000000082100000| Untracked 
|  34|0x0000000082200000, 0x0000000082200000, 0x0000000082300000|  0%| F|  |TAMS 0x0000000082200000, 0x0000000082200000| Untracked 
|  35|0x0000000082300000, 0x0000000082300000, 0x0000000082400000|  0%| F|  |TAMS 0x0000000082300000, 0x0000000082300000| Untracked 
|  36|0x0000000082400000, 0x0000000082400000, 0x0000000082500000|  0%| F|  |TAMS 0x0000000082400000, 0x0000000082400000| Untracked 
|  37|0x0000000082500000, 0x0000000082500000, 0x0000000082600000|  0%| F|  |TAMS 0x0000000082500000, 0x0000000082500000| Untracked 
|  38|0x0000000082600000, 0x0000000082600000, 0x0000000082700000|  0%| F|  |TAMS 0x0000000082600000, 0x0000000082600000| Untracked 
|  39|0x0000000082700000, 0x0000000082700000, 0x0000000082800000|  0%| F|  |TAMS 0x0000000082700000, 0x0000000082700000| Untracked 
|  40|0x0000000082800000, 0x0000000082800000, 0x0000000082900000|  0%| F|  |TAMS 0x0000000082800000, 0x0000000082800000| Untracked 
|  41|0x0000000082900000, 0x0000000082900000, 0x0000000082a00000|  0%| F|  |TAMS 0x0000000082900000, 0x0000000082900000| Untracked 
|  42|0x0000000082a00000, 0x0000000082a00000, 0x0000000082b00000|  0%| F|  |TAMS 0x0000000082a00000, 0x0000000082a00000| Untracked 
|  43|0x0000000082b00000, 0x0000000082b00000, 0x0000000082c00000|  0%| F|  |TAMS 0x0000000082b00000, 0x0000000082b00000| Untracked 
|  44|0x0000000082c00000, 0x0000000082c00000, 0x0000000082d00000|  0%| F|  |TAMS 0x0000000082c00000, 0x0000000082c00000| Untracked 
|  45|0x0000000082d00000, 0x0000000082d00000, 0x0000000082e00000|  0%| F|  |TAMS 0x0000000082d00000, 0x0000000082d00000| Untracked 
|  46|0x0000000082e00000, 0x0000000082e00000, 0x0000000082f00000|  0%| F|  |TAMS 0x0000000082e00000, 0x0000000082e00000| Untracked 
|  47|0x0000000082f00000, 0x0000000082f00000, 0x0000000083000000|  0%| F|  |TAMS 0x0000000082f00000, 0x0000000082f00000| Untracked 
|  48|0x0000000083000000, 0x0000000083000000, 0x0000000083100000|  0%| F|  |TAMS 0x0000000083000000, 0x0000000083000000| Untracked 
|  49|0x0000000083100000, 0x0000000083100000, 0x0000000083200000|  0%| F|  |TAMS 0x0000000083100000, 0x0000000083100000| Untracked 
|  50|0x0000000083200000, 0x0000000083200000, 0x0000000083300000|  0%| F|  |TAMS 0x0000000083200000, 0x0000000083200000| Untracked 
|  51|0x0000000083300000, 0x0000000083300000, 0x0000000083400000|  0%| F|  |TAMS 0x0000000083300000, 0x0000000083300000| Untracked 
|  52|0x0000000083400000, 0x0000000083400000, 0x0000000083500000|  0%| F|  |TAMS 0x0000000083400000, 0x0000000083400000| Untracked 
|  53|0x0000000083500000, 0x0000000083500000, 0x0000000083600000|  0%| F|  |TAMS 0x0000000083500000, 0x0000000083500000| Untracked 
|  54|0x0000000083600000, 0x0000000083600000, 0x0000000083700000|  0%| F|  |TAMS 0x0000000083600000, 0x0000000083600000| Untracked 
|  55|0x0000000083700000, 0x0000000083700000, 0x0000000083800000|  0%| F|  |TAMS 0x0000000083700000, 0x0000000083700000| Untracked 
|  56|0x0000000083800000, 0x0000000083800000, 0x0000000083900000|  0%| F|  |TAMS 0x0000000083800000, 0x0000000083800000| Untracked 
|  57|0x0000000083900000, 0x0000000083900000, 0x0000000083a00000|  0%| F|  |TAMS 0x0000000083900000, 0x0000000083900000| Untracked 
|  58|0x0000000083a00000, 0x0000000083a00000, 0x0000000083b00000|  0%| F|  |TAMS 0x0000000083a00000, 0x0000000083a00000| Untracked 
|  59|0x0000000083b00000, 0x0000000083b00000, 0x0000000083c00000|  0%| F|  |TAMS 0x0000000083b00000, 0x0000000083b00000| Untracked 
|  60|0x0000000083c00000, 0x0000000083c00000, 0x0000000083d00000|  0%| F|  |TAMS 0x0000000083c00000, 0x0000000083c00000| Untracked 
|  61|0x0000000083d00000, 0x0000000083d00000, 0x0000000083e00000|  0%| F|  |TAMS 0x0000000083d00000, 0x0000000083d00000| Untracked 
|  62|0x0000000083e00000, 0x0000000083e00000, 0x0000000083f00000|  0%| F|  |TAMS 0x0000000083e00000, 0x0000000083e00000| Untracked 
|  63|0x0000000083f00000, 0x0000000083f00000, 0x0000000084000000|  0%| F|  |TAMS 0x0000000083f00000, 0x0000000083f00000| Untracked 
|  64|0x0000000084000000, 0x0000000084000000, 0x0000000084100000|  0%| F|  |TAMS 0x0000000084000000, 0x0000000084000000| Untracked 
|  65|0x0000000084100000, 0x0000000084100000, 0x0000000084200000|  0%| F|  |TAMS 0x0000000084100000, 0x0000000084100000| Untracked 
|  66|0x0000000084200000, 0x0000000084200000, 0x0000000084300000|  0%| F|  |TAMS 0x0000000084200000, 0x0000000084200000| Untracked 
|  67|0x0000000084300000, 0x0000000084300000, 0x0000000084400000|  0%| F|  |TAMS 0x0000000084300000, 0x0000000084300000| Untracked 
|  68|0x0000000084400000, 0x0000000084400000, 0x0000000084500000|  0%| F|  |TAMS 0x0000000084400000, 0x0000000084400000| Untracked 
|  69|0x0000000084500000, 0x0000000084500000, 0x0000000084600000|  0%| F|  |TAMS 0x0000000084500000, 0x0000000084500000| Untracked 
|  70|0x0000000084600000, 0x0000000084600000, 0x0000000084700000|  0%| F|  |TAMS 0x0000000084600000, 0x0000000084600000| Untracked 
|  71|0x0000000084700000, 0x0000000084700000, 0x0000000084800000|  0%| F|  |TAMS 0x0000000084700000, 0x0000000084700000| Untracked 
|  72|0x0000000084800000, 0x0000000084800000, 0x0000000084900000|  0%| F|  |TAMS 0x0000000084800000, 0x0000000084800000| Untracked 
|  73|0x0000000084900000, 0x0000000084900000, 0x0000000084a00000|  0%| F|  |TAMS 0x0000000084900000, 0x0000000084900000| Untracked 
|  74|0x0000000084a00000, 0x0000000084a00000, 0x0000000084b00000|  0%| F|  |TAMS 0x0000000084a00000, 0x0000000084a00000| Untracked 
|  75|0x0000000084b00000, 0x0000000084b00000, 0x0000000084c00000|  0%| F|  |TAMS 0x0000000084b00000, 0x0000000084b00000| Untracked 
|  76|0x0000000084c00000, 0x0000000084c00000, 0x0000000084d00000|  0%| F|  |TAMS 0x0000000084c00000, 0x0000000084c00000| Untracked 
|  77|0x0000000084d00000, 0x0000000084d00000, 0x0000000084e00000|  0%| F|  |TAMS 0x0000000084d00000, 0x0000000084d00000| Untracked 
|  78|0x0000000084e00000, 0x0000000084e00000, 0x0000000084f00000|  0%| F|  |TAMS 0x0000000084e00000, 0x0000000084e00000| Untracked 
|  79|0x0000000084f00000, 0x0000000084f00000, 0x0000000085000000|  0%| F|  |TAMS 0x0000000084f00000, 0x0000000084f00000| Untracked 
|  80|0x0000000085000000, 0x0000000085000000, 0x0000000085100000|  0%| F|  |TAMS 0x0000000085000000, 0x0000000085000000| Untracked 
|  81|0x0000000085100000, 0x0000000085100000, 0x0000000085200000|  0%| F|  |TAMS 0x0000000085100000, 0x0000000085100000| Untracked 
|  82|0x0000000085200000, 0x0000000085200000, 0x0000000085300000|  0%| F|  |TAMS 0x0000000085200000, 0x0000000085200000| Untracked 
|  83|0x0000000085300000, 0x0000000085300000, 0x0000000085400000|  0%| F|  |TAMS 0x0000000085300000, 0x0000000085300000| Untracked 
|  84|0x0000000085400000, 0x0000000085400000, 0x0000000085500000|  0%| F|  |TAMS 0x0000000085400000, 0x0000000085400000| Untracked 
|  85|0x0000000085500000, 0x0000000085500000, 0x0000000085600000|  0%| F|  |TAMS 0x0000000085500000, 0x0000000085500000| Untracked 
|  86|0x0000000085600000, 0x0000000085600000, 0x0000000085700000|  0%| F|  |TAMS 0x0000000085600000, 0x0000000085600000| Untracked 
|  87|0x0000000085700000, 0x0000000085700000, 0x0000000085800000|  0%| F|  |TAMS 0x0000000085700000, 0x0000000085700000| Untracked 
|  88|0x0000000085800000, 0x0000000085800000, 0x0000000085900000|  0%| F|  |TAMS 0x0000000085800000, 0x0000000085800000| Untracked 
|  89|0x0000000085900000, 0x0000000085900000, 0x0000000085a00000|  0%| F|  |TAMS 0x0000000085900000, 0x0000000085900000| Untracked 
|  90|0x0000000085a00000, 0x0000000085a00000, 0x0000000085b00000|  0%| F|  |TAMS 0x0000000085a00000, 0x0000000085a00000| Untracked 
|  91|0x0000000085b00000, 0x0000000085b00000, 0x0000000085c00000|  0%| F|  |TAMS 0x0000000085b00000, 0x0000000085b00000| Untracked 
|  92|0x0000000085c00000, 0x0000000085c00000, 0x0000000085d00000|  0%| F|  |TAMS 0x0000000085c00000, 0x0000000085c00000| Untracked 
|  93|0x0000000085d00000, 0x0000000085d00000, 0x0000000085e00000|  0%| F|  |TAMS 0x0000000085d00000, 0x0000000085d00000| Untracked 
|  94|0x0000000085e00000, 0x0000000085e00000, 0x0000000085f00000|  0%| F|  |TAMS 0x0000000085e00000, 0x0000000085e00000| Untracked 
|  95|0x0000000085f00000, 0x0000000085f00000, 0x0000000086000000|  0%| F|  |TAMS 0x0000000085f00000, 0x0000000085f00000| Untracked 
|  96|0x0000000086000000, 0x0000000086000000, 0x0000000086100000|  0%| F|  |TAMS 0x0000000086000000, 0x0000000086000000| Untracked 
|  97|0x0000000086100000, 0x0000000086100000, 0x0000000086200000|  0%| F|  |TAMS 0x0000000086100000, 0x0000000086100000| Untracked 
|  98|0x0000000086200000, 0x0000000086200000, 0x0000000086300000|  0%| F|  |TAMS 0x0000000086200000, 0x0000000086200000| Untracked 
|  99|0x0000000086300000, 0x0000000086300000, 0x0000000086400000|  0%| F|  |TAMS 0x0000000086300000, 0x0000000086300000| Untracked 
| 100|0x0000000086400000, 0x0000000086400000, 0x0000000086500000|  0%| F|  |TAMS 0x0000000086400000, 0x0000000086400000| Untracked 
| 101|0x0000000086500000, 0x0000000086500000, 0x0000000086600000|  0%| F|  |TAMS 0x0000000086500000, 0x0000000086500000| Untracked 
| 102|0x0000000086600000, 0x0000000086600000, 0x0000000086700000|  0%| F|  |TAMS 0x0000000086600000, 0x0000000086600000| Untracked 
| 103|0x0000000086700000, 0x0000000086700000, 0x0000000086800000|  0%| F|  |TAMS 0x0000000086700000, 0x0000000086700000| Untracked 
| 104|0x0000000086800000, 0x0000000086800000, 0x0000000086900000|  0%| F|  |TAMS 0x0000000086800000, 0x0000000086800000| Untracked 
| 105|0x0000000086900000, 0x0000000086900000, 0x0000000086a00000|  0%| F|  |TAMS 0x0000000086900000, 0x0000000086900000| Untracked 
| 106|0x0000000086a00000, 0x0000000086a00000, 0x0000000086b00000|  0%| F|  |TAMS 0x0000000086a00000, 0x0000000086a00000| Untracked 
| 107|0x0000000086b00000, 0x0000000086b00000, 0x0000000086c00000|  0%| F|  |TAMS 0x0000000086b00000, 0x0000000086b00000| Untracked 
| 108|0x0000000086c00000, 0x0000000086c00000, 0x0000000086d00000|  0%| F|  |TAMS 0x0000000086c00000, 0x0000000086c00000| Untracked 
| 109|0x0000000086d00000, 0x0000000086d00000, 0x0000000086e00000|  0%| F|  |TAMS 0x0000000086d00000, 0x0000000086d00000| Untracked 
| 110|0x0000000086e00000, 0x0000000086e00000, 0x0000000086f00000|  0%| F|  |TAMS 0x0000000086e00000, 0x0000000086e00000| Untracked 
| 111|0x0000000086f00000, 0x0000000086f00000, 0x0000000087000000|  0%| F|  |TAMS 0x0000000086f00000, 0x0000000086f00000| Untracked 
| 112|0x0000000087000000, 0x0000000087000000, 0x0000000087100000|  0%| F|  |TAMS 0x0000000087000000, 0x0000000087000000| Untracked 
| 113|0x0000000087100000, 0x0000000087100000, 0x0000000087200000|  0%| F|  |TAMS 0x0000000087100000, 0x0000000087100000| Untracked 
| 114|0x0000000087200000, 0x0000000087200000, 0x0000000087300000|  0%| F|  |TAMS 0x0000000087200000, 0x0000000087200000| Untracked 
| 115|0x0000000087300000, 0x0000000087300000, 0x0000000087400000|  0%| F|  |TAMS 0x0000000087300000, 0x0000000087300000| Untracked 
| 116|0x0000000087400000, 0x0000000087400000, 0x0000000087500000|  0%| F|  |TAMS 0x0000000087400000, 0x0000000087400000| Untracked 
| 117|0x0000000087500000, 0x0000000087500000, 0x0000000087600000|  0%| F|  |TAMS 0x0000000087500000, 0x0000000087500000| Untracked 
| 118|0x0000000087600000, 0x0000000087600000, 0x0000000087700000|  0%| F|  |TAMS 0x0000000087600000, 0x0000000087600000| Untracked 
| 119|0x0000000087700000, 0x0000000087700000, 0x0000000087800000|  0%| F|  |TAMS 0x0000000087700000, 0x0000000087700000| Untracked 
| 120|0x0000000087800000, 0x0000000087800000, 0x0000000087900000|  0%| F|  |TAMS 0x0000000087800000, 0x0000000087800000| Untracked 
| 121|0x0000000087900000, 0x0000000087900000, 0x0000000087a00000|  0%| F|  |TAMS 0x0000000087900000, 0x0000000087900000| Untracked 
| 122|0x0000000087a00000, 0x0000000087a00000, 0x0000000087b00000|  0%| F|  |TAMS 0x0000000087a00000, 0x0000000087a00000| Untracked 
| 123|0x0000000087b00000, 0x0000000087b00000, 0x0000000087c00000|  0%| F|  |TAMS 0x0000000087b00000, 0x0000000087b00000| Untracked 
| 124|0x0000000087c00000, 0x0000000087c00000, 0x0000000087d00000|  0%| F|  |TAMS 0x0000000087c00000, 0x0000000087c00000| Untracked 
| 125|0x0000000087d00000, 0x0000000087d00000, 0x0000000087e00000|  0%| F|  |TAMS 0x0000000087d00000, 0x0000000087d00000| Untracked 
| 126|0x0000000087e00000, 0x0000000087e00000, 0x0000000087f00000|  0%| F|  |TAMS 0x0000000087e00000, 0x0000000087e00000| Untracked 
| 127|0x0000000087f00000, 0x0000000087f00000, 0x0000000088000000|  0%| F|  |TAMS 0x0000000087f00000, 0x0000000087f00000| Untracked 
| 128|0x0000000088000000, 0x0000000088000000, 0x0000000088100000|  0%| F|  |TAMS 0x0000000088000000, 0x0000000088000000| Untracked 
| 129|0x0000000088100000, 0x0000000088100000, 0x0000000088200000|  0%| F|  |TAMS 0x0000000088100000, 0x0000000088100000| Untracked 
| 130|0x0000000088200000, 0x0000000088200000, 0x0000000088300000|  0%| F|  |TAMS 0x0000000088200000, 0x0000000088200000| Untracked 
| 131|0x0000000088300000, 0x0000000088300000, 0x0000000088400000|  0%| F|  |TAMS 0x0000000088300000, 0x0000000088300000| Untracked 
| 132|0x0000000088400000, 0x0000000088400000, 0x0000000088500000|  0%| F|  |TAMS 0x0000000088400000, 0x0000000088400000| Untracked 
| 133|0x0000000088500000, 0x0000000088500000, 0x0000000088600000|  0%| F|  |TAMS 0x0000000088500000, 0x0000000088500000| Untracked 
| 134|0x0000000088600000, 0x0000000088600000, 0x0000000088700000|  0%| F|  |TAMS 0x0000000088600000, 0x0000000088600000| Untracked 
| 135|0x0000000088700000, 0x0000000088700000, 0x0000000088800000|  0%| F|  |TAMS 0x0000000088700000, 0x0000000088700000| Untracked 
| 136|0x0000000088800000, 0x0000000088800000, 0x0000000088900000|  0%| F|  |TAMS 0x0000000088800000, 0x0000000088800000| Untracked 
| 137|0x0000000088900000, 0x0000000088900000, 0x0000000088a00000|  0%| F|  |TAMS 0x0000000088900000, 0x0000000088900000| Untracked 
| 138|0x0000000088a00000, 0x0000000088a00000, 0x0000000088b00000|  0%| F|  |TAMS 0x0000000088a00000, 0x0000000088a00000| Untracked 
| 139|0x0000000088b00000, 0x0000000088b00000, 0x0000000088c00000|  0%| F|  |TAMS 0x0000000088b00000, 0x0000000088b00000| Untracked 
| 140|0x0000000088c00000, 0x0000000088c00000, 0x0000000088d00000|  0%| F|  |TAMS 0x0000000088c00000, 0x0000000088c00000| Untracked 
| 141|0x0000000088d00000, 0x0000000088d00000, 0x0000000088e00000|  0%| F|  |TAMS 0x0000000088d00000, 0x0000000088d00000| Untracked 
| 142|0x0000000088e00000, 0x0000000088e00000, 0x0000000088f00000|  0%| F|  |TAMS 0x0000000088e00000, 0x0000000088e00000| Untracked 
| 143|0x0000000088f00000, 0x0000000088f00000, 0x0000000089000000|  0%| F|  |TAMS 0x0000000088f00000, 0x0000000088f00000| Untracked 
| 144|0x0000000089000000, 0x0000000089000000, 0x0000000089100000|  0%| F|  |TAMS 0x0000000089000000, 0x0000000089000000| Untracked 
| 145|0x0000000089100000, 0x0000000089100000, 0x0000000089200000|  0%| F|  |TAMS 0x0000000089100000, 0x0000000089100000| Untracked 
| 146|0x0000000089200000, 0x0000000089200000, 0x0000000089300000|  0%| F|  |TAMS 0x0000000089200000, 0x0000000089200000| Untracked 
| 147|0x0000000089300000, 0x0000000089300000, 0x0000000089400000|  0%| F|  |TAMS 0x0000000089300000, 0x0000000089300000| Untracked 
| 148|0x0000000089400000, 0x0000000089400000, 0x0000000089500000|  0%| F|  |TAMS 0x0000000089400000, 0x0000000089400000| Untracked 
| 149|0x0000000089500000, 0x0000000089500000, 0x0000000089600000|  0%| F|  |TAMS 0x0000000089500000, 0x0000000089500000| Untracked 
| 150|0x0000000089600000, 0x0000000089600000, 0x0000000089700000|  0%| F|  |TAMS 0x0000000089600000, 0x0000000089600000| Untracked 
| 151|0x0000000089700000, 0x0000000089700000, 0x0000000089800000|  0%| F|  |TAMS 0x0000000089700000, 0x0000000089700000| Untracked 
| 152|0x0000000089800000, 0x0000000089800000, 0x0000000089900000|  0%| F|  |TAMS 0x0000000089800000, 0x0000000089800000| Untracked 
| 153|0x0000000089900000, 0x0000000089900000, 0x0000000089a00000|  0%| F|  |TAMS 0x0000000089900000, 0x0000000089900000| Untracked 
| 154|0x0000000089a00000, 0x0000000089a00000, 0x0000000089b00000|  0%| F|  |TAMS 0x0000000089a00000, 0x0000000089a00000| Untracked 
| 155|0x0000000089b00000, 0x0000000089b00000, 0x0000000089c00000|  0%| F|  |TAMS 0x0000000089b00000, 0x0000000089b00000| Untracked 
| 156|0x0000000089c00000, 0x0000000089c00000, 0x0000000089d00000|  0%| F|  |TAMS 0x0000000089c00000, 0x0000000089c00000| Untracked 
| 157|0x0000000089d00000, 0x0000000089d00000, 0x0000000089e00000|  0%| F|  |TAMS 0x0000000089d00000, 0x0000000089d00000| Untracked 
| 158|0x0000000089e00000, 0x0000000089e00000, 0x0000000089f00000|  0%| F|  |TAMS 0x0000000089e00000, 0x0000000089e00000| Untracked 
| 159|0x0000000089f00000, 0x0000000089f00000, 0x000000008a000000|  0%| F|  |TAMS 0x0000000089f00000, 0x0000000089f00000| Untracked 
| 160|0x000000008a000000, 0x000000008a000000, 0x000000008a100000|  0%| F|  |TAMS 0x000000008a000000, 0x000000008a000000| Untracked 
| 161|0x000000008a100000, 0x000000008a100000, 0x000000008a200000|  0%| F|  |TAMS 0x000000008a100000, 0x000000008a100000| Untracked 
| 162|0x000000008a200000, 0x000000008a200000, 0x000000008a300000|  0%| F|  |TAMS 0x000000008a200000, 0x000000008a200000| Untracked 
| 163|0x000000008a300000, 0x000000008a300000, 0x000000008a400000|  0%| F|  |TAMS 0x000000008a300000, 0x000000008a300000| Untracked 
| 164|0x000000008a400000, 0x000000008a400000, 0x000000008a500000|  0%| F|  |TAMS 0x000000008a400000, 0x000000008a400000| Untracked 
| 165|0x000000008a500000, 0x000000008a500000, 0x000000008a600000|  0%| F|  |TAMS 0x000000008a500000, 0x000000008a500000| Untracked 
| 166|0x000000008a600000, 0x000000008a600000, 0x000000008a700000|  0%| F|  |TAMS 0x000000008a600000, 0x000000008a600000| Untracked 
| 167|0x000000008a700000, 0x000000008a700000, 0x000000008a800000|  0%| F|  |TAMS 0x000000008a700000, 0x000000008a700000| Untracked 
| 168|0x000000008a800000, 0x000000008a800000, 0x000000008a900000|  0%| F|  |TAMS 0x000000008a800000, 0x000000008a800000| Untracked 
| 169|0x000000008a900000, 0x000000008a900000, 0x000000008aa00000|  0%| F|  |TAMS 0x000000008a900000, 0x000000008a900000| Untracked 
| 170|0x000000008aa00000, 0x000000008aa00000, 0x000000008ab00000|  0%| F|  |TAMS 0x000000008aa00000, 0x000000008aa00000| Untracked 
| 171|0x000000008ab00000, 0x000000008ab00000, 0x000000008ac00000|  0%| F|  |TAMS 0x000000008ab00000, 0x000000008ab00000| Untracked 
| 172|0x000000008ac00000, 0x000000008ac00000, 0x000000008ad00000|  0%| F|  |TAMS 0x000000008ac00000, 0x000000008ac00000| Untracked 
| 173|0x000000008ad00000, 0x000000008ad00000, 0x000000008ae00000|  0%| F|  |TAMS 0x000000008ad00000, 0x000000008ad00000| Untracked 
| 174|0x000000008ae00000, 0x000000008ae00000, 0x000000008af00000|  0%| F|  |TAMS 0x000000008ae00000, 0x000000008ae00000| Untracked 
| 175|0x000000008af00000, 0x000000008af00000, 0x000000008b000000|  0%| F|  |TAMS 0x000000008af00000, 0x000000008af00000| Untracked 
| 176|0x000000008b000000, 0x000000008b000000, 0x000000008b100000|  0%| F|  |TAMS 0x000000008b000000, 0x000000008b000000| Untracked 
| 177|0x000000008b100000, 0x000000008b100000, 0x000000008b200000|  0%| F|  |TAMS 0x000000008b100000, 0x000000008b100000| Untracked 
| 178|0x000000008b200000, 0x000000008b200000, 0x000000008b300000|  0%| F|  |TAMS 0x000000008b200000, 0x000000008b200000| Untracked 
| 179|0x000000008b300000, 0x000000008b300000, 0x000000008b400000|  0%| F|  |TAMS 0x000000008b300000, 0x000000008b300000| Untracked 
| 180|0x000000008b400000, 0x000000008b400000, 0x000000008b500000|  0%| F|  |TAMS 0x000000008b400000, 0x000000008b400000| Untracked 
| 181|0x000000008b500000, 0x000000008b500000, 0x000000008b600000|  0%| F|  |TAMS 0x000000008b500000, 0x000000008b500000| Untracked 
| 182|0x000000008b600000, 0x000000008b600000, 0x000000008b700000|  0%| F|  |TAMS 0x000000008b600000, 0x000000008b600000| Untracked 
| 183|0x000000008b700000, 0x000000008b700000, 0x000000008b800000|  0%| F|  |TAMS 0x000000008b700000, 0x000000008b700000| Untracked 
| 184|0x000000008b800000, 0x000000008b800000, 0x000000008b900000|  0%| F|  |TAMS 0x000000008b800000, 0x000000008b800000| Untracked 
| 185|0x000000008b900000, 0x000000008b900000, 0x000000008ba00000|  0%| F|  |TAMS 0x000000008b900000, 0x000000008b900000| Untracked 
| 186|0x000000008ba00000, 0x000000008ba00000, 0x000000008bb00000|  0%| F|  |TAMS 0x000000008ba00000, 0x000000008ba00000| Untracked 
| 187|0x000000008bb00000, 0x000000008bb00000, 0x000000008bc00000|  0%| F|  |TAMS 0x000000008bb00000, 0x000000008bb00000| Untracked 
| 188|0x000000008bc00000, 0x000000008bc00000, 0x000000008bd00000|  0%| F|  |TAMS 0x000000008bc00000, 0x000000008bc00000| Untracked 
| 189|0x000000008bd00000, 0x000000008bd00000, 0x000000008be00000|  0%| F|  |TAMS 0x000000008bd00000, 0x000000008bd00000| Untracked 
| 190|0x000000008be00000, 0x000000008be00000, 0x000000008bf00000|  0%| F|  |TAMS 0x000000008be00000, 0x000000008be00000| Untracked 
| 191|0x000000008bf00000, 0x000000008bf00000, 0x000000008c000000|  0%| F|  |TAMS 0x000000008bf00000, 0x000000008bf00000| Untracked 
| 192|0x000000008c000000, 0x000000008c000000, 0x000000008c100000|  0%| F|  |TAMS 0x000000008c000000, 0x000000008c000000| Untracked 
| 193|0x000000008c100000, 0x000000008c100000, 0x000000008c200000|  0%| F|  |TAMS 0x000000008c100000, 0x000000008c100000| Untracked 
| 194|0x000000008c200000, 0x000000008c200000, 0x000000008c300000|  0%| F|  |TAMS 0x000000008c200000, 0x000000008c200000| Untracked 
| 195|0x000000008c300000, 0x000000008c300000, 0x000000008c400000|  0%| F|  |TAMS 0x000000008c300000, 0x000000008c300000| Untracked 
| 196|0x000000008c400000, 0x000000008c400000, 0x000000008c500000|  0%| F|  |TAMS 0x000000008c400000, 0x000000008c400000| Untracked 
| 197|0x000000008c500000, 0x000000008c500000, 0x000000008c600000|  0%| F|  |TAMS 0x000000008c500000, 0x000000008c500000| Untracked 
| 198|0x000000008c600000, 0x000000008c600000, 0x000000008c700000|  0%| F|  |TAMS 0x000000008c600000, 0x000000008c600000| Untracked 
| 199|0x000000008c700000, 0x000000008c700000, 0x000000008c800000|  0%| F|  |TAMS 0x000000008c700000, 0x000000008c700000| Untracked 
| 200|0x000000008c800000, 0x000000008c800000, 0x000000008c900000|  0%| F|  |TAMS 0x000000008c800000, 0x000000008c800000| Untracked 
| 201|0x000000008c900000, 0x000000008c900000, 0x000000008ca00000|  0%| F|  |TAMS 0x000000008c900000, 0x000000008c900000| Untracked 
| 202|0x000000008ca00000, 0x000000008ca00000, 0x000000008cb00000|  0%| F|  |TAMS 0x000000008ca00000, 0x000000008ca00000| Untracked 
| 203|0x000000008cb00000, 0x000000008cb00000, 0x000000008cc00000|  0%| F|  |TAMS 0x000000008cb00000, 0x000000008cb00000| Untracked 
| 204|0x000000008cc00000, 0x000000008cc00000, 0x000000008cd00000|  0%| F|  |TAMS 0x000000008cc00000, 0x000000008cc00000| Untracked 
| 205|0x000000008cd00000, 0x000000008cd00000, 0x000000008ce00000|  0%| F|  |TAMS 0x000000008cd00000, 0x000000008cd00000| Untracked 
| 206|0x000000008ce00000, 0x000000008ce00000, 0x000000008cf00000|  0%| F|  |TAMS 0x000000008ce00000, 0x000000008ce00000| Untracked 
| 207|0x000000008cf00000, 0x000000008cf00000, 0x000000008d000000|  0%| F|  |TAMS 0x000000008cf00000, 0x000000008cf00000| Untracked 
| 208|0x000000008d000000, 0x000000008d000000, 0x000000008d100000|  0%| F|  |TAMS 0x000000008d000000, 0x000000008d000000| Untracked 
| 209|0x000000008d100000, 0x000000008d100000, 0x000000008d200000|  0%| F|  |TAMS 0x000000008d100000, 0x000000008d100000| Untracked 
| 210|0x000000008d200000, 0x000000008d200000, 0x000000008d300000|  0%| F|  |TAMS 0x000000008d200000, 0x000000008d200000| Untracked 
| 211|0x000000008d300000, 0x000000008d300000, 0x000000008d400000|  0%| F|  |TAMS 0x000000008d300000, 0x000000008d300000| Untracked 
| 212|0x000000008d400000, 0x000000008d400000, 0x000000008d500000|  0%| F|  |TAMS 0x000000008d400000, 0x000000008d400000| Untracked 
| 213|0x000000008d500000, 0x000000008d500000, 0x000000008d600000|  0%| F|  |TAMS 0x000000008d500000, 0x000000008d500000| Untracked 
| 214|0x000000008d600000, 0x000000008d600000, 0x000000008d700000|  0%| F|  |TAMS 0x000000008d600000, 0x000000008d600000| Untracked 
| 215|0x000000008d700000, 0x000000008d700000, 0x000000008d800000|  0%| F|  |TAMS 0x000000008d700000, 0x000000008d700000| Untracked 
| 216|0x000000008d800000, 0x000000008d800000, 0x000000008d900000|  0%| F|  |TAMS 0x000000008d800000, 0x000000008d800000| Untracked 
| 217|0x000000008d900000, 0x000000008d900000, 0x000000008da00000|  0%| F|  |TAMS 0x000000008d900000, 0x000000008d900000| Untracked 
| 218|0x000000008da00000, 0x000000008da00000, 0x000000008db00000|  0%| F|  |TAMS 0x000000008da00000, 0x000000008da00000| Untracked 
| 219|0x000000008db00000, 0x000000008db00000, 0x000000008dc00000|  0%| F|  |TAMS 0x000000008db00000, 0x000000008db00000| Untracked 
| 220|0x000000008dc00000, 0x000000008dc00000, 0x000000008dd00000|  0%| F|  |TAMS 0x000000008dc00000, 0x000000008dc00000| Untracked 
| 221|0x000000008dd00000, 0x000000008dd00000, 0x000000008de00000|  0%| F|  |TAMS 0x000000008dd00000, 0x000000008dd00000| Untracked 
| 222|0x000000008de00000, 0x000000008de00000, 0x000000008df00000|  0%| F|  |TAMS 0x000000008de00000, 0x000000008de00000| Untracked 
| 223|0x000000008df00000, 0x000000008df00000, 0x000000008e000000|  0%| F|  |TAMS 0x000000008df00000, 0x000000008df00000| Untracked 
| 224|0x000000008e000000, 0x000000008e000000, 0x000000008e100000|  0%| F|  |TAMS 0x000000008e000000, 0x000000008e000000| Untracked 
| 225|0x000000008e100000, 0x000000008e100000, 0x000000008e200000|  0%| F|  |TAMS 0x000000008e100000, 0x000000008e100000| Untracked 
| 226|0x000000008e200000, 0x000000008e200000, 0x000000008e300000|  0%| F|  |TAMS 0x000000008e200000, 0x000000008e200000| Untracked 
| 227|0x000000008e300000, 0x000000008e300000, 0x000000008e400000|  0%| F|  |TAMS 0x000000008e300000, 0x000000008e300000| Untracked 
| 228|0x000000008e400000, 0x000000008e400000, 0x000000008e500000|  0%| F|  |TAMS 0x000000008e400000, 0x000000008e400000| Untracked 
| 229|0x000000008e500000, 0x000000008e500000, 0x000000008e600000|  0%| F|  |TAMS 0x000000008e500000, 0x000000008e500000| Untracked 
| 230|0x000000008e600000, 0x000000008e600000, 0x000000008e700000|  0%| F|  |TAMS 0x000000008e600000, 0x000000008e600000| Untracked 
| 231|0x000000008e700000, 0x000000008e700000, 0x000000008e800000|  0%| F|  |TAMS 0x000000008e700000, 0x000000008e700000| Untracked 
| 232|0x000000008e800000, 0x000000008e800000, 0x000000008e900000|  0%| F|  |TAMS 0x000000008e800000, 0x000000008e800000| Untracked 
| 233|0x000000008e900000, 0x000000008e900000, 0x000000008ea00000|  0%| F|  |TAMS 0x000000008e900000, 0x000000008e900000| Untracked 
| 234|0x000000008ea00000, 0x000000008ea00000, 0x000000008eb00000|  0%| F|  |TAMS 0x000000008ea00000, 0x000000008ea00000| Untracked 
| 235|0x000000008eb00000, 0x000000008eb00000, 0x000000008ec00000|  0%| F|  |TAMS 0x000000008eb00000, 0x000000008eb00000| Untracked 
| 236|0x000000008ec00000, 0x000000008ec00000, 0x000000008ed00000|  0%| F|  |TAMS 0x000000008ec00000, 0x000000008ec00000| Untracked 
| 237|0x000000008ed00000, 0x000000008eda36f0, 0x000000008ee00000| 63%| S|CS|TAMS 0x000000008ed00000, 0x000000008ed00000| Complete 
| 238|0x000000008ee00000, 0x000000008ef00000, 0x000000008ef00000|100%| S|CS|TAMS 0x000000008ee00000, 0x000000008ee00000| Complete 
| 239|0x000000008ef00000, 0x000000008f000000, 0x000000008f000000|100%| S|CS|TAMS 0x000000008ef00000, 0x000000008ef00000| Complete 
| 240|0x000000008f000000, 0x000000008f100000, 0x000000008f100000|100%| S|CS|TAMS 0x000000008f000000, 0x000000008f000000| Complete 
| 241|0x000000008f100000, 0x000000008f200000, 0x000000008f200000|100%| S|CS|TAMS 0x000000008f100000, 0x000000008f100000| Complete 
| 242|0x000000008f200000, 0x000000008f300000, 0x000000008f300000|100%| S|CS|TAMS 0x000000008f200000, 0x000000008f200000| Complete 
| 243|0x000000008f300000, 0x000000008f400000, 0x000000008f400000|100%| E|  |TAMS 0x000000008f300000, 0x000000008f300000| Complete 
| 244|0x000000008f400000, 0x000000008f500000, 0x000000008f500000|100%| E|CS|TAMS 0x000000008f400000, 0x000000008f400000| Complete 
| 245|0x000000008f500000, 0x000000008f600000, 0x000000008f600000|100%| E|CS|TAMS 0x000000008f500000, 0x000000008f500000| Complete 
| 246|0x000000008f600000, 0x000000008f700000, 0x000000008f700000|100%| E|CS|TAMS 0x000000008f600000, 0x000000008f600000| Complete 
| 247|0x000000008f700000, 0x000000008f800000, 0x000000008f800000|100%| E|CS|TAMS 0x000000008f700000, 0x000000008f700000| Complete 
| 248|0x000000008f800000, 0x000000008f900000, 0x000000008f900000|100%| E|CS|TAMS 0x000000008f800000, 0x000000008f800000| Complete 
| 249|0x000000008f900000, 0x000000008fa00000, 0x000000008fa00000|100%| E|CS|TAMS 0x000000008f900000, 0x000000008f900000| Complete 
| 250|0x000000008fa00000, 0x000000008fb00000, 0x000000008fb00000|100%| E|CS|TAMS 0x000000008fa00000, 0x000000008fa00000| Complete 
| 251|0x000000008fb00000, 0x000000008fc00000, 0x000000008fc00000|100%| E|CS|TAMS 0x000000008fb00000, 0x000000008fb00000| Complete 
| 252|0x000000008fc00000, 0x000000008fd00000, 0x000000008fd00000|100%| E|CS|TAMS 0x000000008fc00000, 0x000000008fc00000| Complete 
| 253|0x000000008fd00000, 0x000000008fe00000, 0x000000008fe00000|100%| E|CS|TAMS 0x000000008fd00000, 0x000000008fd00000| Complete 

Card table byte_map: [0x0000026775000000,0x0000026775400000] _byte_map_base: 0x0000026774c00000

Marking Bits (Prev, Next): (CMBitMap*) 0x000002675fcac6a8, (CMBitMap*) 0x000002675fcac6e0
 Prev Bits: [0x0000026775800000, 0x0000026777800000)
 Next Bits: [0x0000026777800000, 0x0000026779800000)

Polling page: 0x000002675fd40000

Metaspace:

Usage:
  Non-class:     32.99 MB capacity,    32.45 MB ( 98%) used,   462.83 KB (  1%) free+waste,    90.81 KB ( <1%) overhead. 
      Class:      5.15 MB capacity,     4.81 MB ( 93%) used,   303.12 KB (  6%) free+waste,    44.69 KB ( <1%) overhead. 
       Both:     38.14 MB capacity,    37.26 MB ( 98%) used,   765.95 KB (  2%) free+waste,   135.50 KB ( <1%) overhead. 

Virtual space:
  Non-class space:       34.00 MB reserved,      33.17 MB ( 98%) committed 
      Class space:        1.00 GB reserved,       5.25 MB ( <1%) committed 
             Both:        1.03 GB reserved,      38.42 MB (  4%) committed 

Chunk freelists:
   Non-Class:  59.00 KB
       Class:  3.00 KB
        Both:  62.00 KB

MaxMetaspaceSize: 17179869184.00 GB
CompressedClassSpaceSize: 1.00 GB
Initial GC threshold: 20.80 MB
Current GC threshold: 59.30 MB
CDS: off

CodeHeap 'non-profiled nmethods': size=120000Kb used=1702Kb max_used=1702Kb free=118297Kb
 bounds [0x000002676ca30000, 0x000002676cca0000, 0x0000026773f60000]
CodeHeap 'profiled nmethods': size=120000Kb used=6291Kb max_used=6291Kb free=113708Kb
 bounds [0x0000026765500000, 0x0000026765b30000, 0x000002676ca30000]
CodeHeap 'non-nmethods': size=5760Kb used=1580Kb max_used=1625Kb free=4179Kb
 bounds [0x0000026764f60000, 0x00000267651d0000, 0x0000026765500000]
 total_blobs=3672 nmethods=3046 adapters=538
 compilation: enabled
              stopped_count=0, restarted_count=0
 full_count=0

Compilation events (20 events):
Event: 2.386 Thread 0x000002677ce00000 nmethod 2973 0x000002676cbbec90 code [0x000002676cbbee40, 0x000002676cbbeef8]
Event: 2.386 Thread 0x000002677ce00000 2974       3       java.beans.MethodRef::get (91 bytes)
Event: 2.386 Thread 0x000002677ce00000 nmethod 2974 0x0000026765b0e210 code [0x0000026765b0e480, 0x0000026765b0f038]
Event: 2.386 Thread 0x000002677ce00000 2978       3       org.codehaus.groovy.reflection.CachedMethod::getReturnType (8 bytes)
Event: 2.386 Thread 0x000002677ce00000 nmethod 2978 0x0000026765b0f310 code [0x0000026765b0f4c0, 0x0000026765b0f5d8]
Event: 2.386 Thread 0x000002677ce00000 2975       3       java.lang.CharacterDataLatin1::isUpperCase (20 bytes)
Event: 2.386 Thread 0x000002677ce00000 nmethod 2975 0x0000026765b0f690 code [0x0000026765b0f860, 0x0000026765b0fa58]
Event: 2.386 Thread 0x000002677ce00000 2976       3       java.lang.CharacterDataLatin1::isOtherUppercase (18 bytes)
Event: 2.387 Thread 0x000002677ce00000 nmethod 2976 0x0000026765b0fb90 code [0x0000026765b0fd60, 0x0000026765b0ff58]
Event: 2.387 Thread 0x000002677ce00000 2977       3       java.lang.CharacterDataLatin1::getPropertiesEx (11 bytes)
Event: 2.387 Thread 0x000002677ce00000 nmethod 2977 0x0000026765b10090 code [0x0000026765b10240, 0x0000026765b10378]
Event: 2.389 Thread 0x000002677ce00000 2979       2       java.lang.Throwable::<init> (39 bytes)
Event: 2.390 Thread 0x000002677ce00000 nmethod 2979 0x0000026765b10490 code [0x0000026765b10660, 0x0000026765b10988]
Event: 2.392 Thread 0x000002677cdf5000 nmethod 2921 0x000002676cbbef90 code [0x000002676cbbf200, 0x000002676cbc0ca0]
Event: 2.392 Thread 0x000002677cdf5000 2944   !   4       jdk.internal.loader.URLClassPath$JarLoader::getResource (353 bytes)
Event: 2.399 Thread 0x000002677cdf5000 nmethod 2944 0x000002676cbc1910 code [0x000002676cbc1be0, 0x000002676cbc2778]
Event: 2.399 Thread 0x000002677cdf5000 2924       4       java.util.Arrays::copyOf (40 bytes)
Event: 2.401 Thread 0x000002677cdf5000 nmethod 2924 0x000002676cbc3410 code [0x000002676cbc35c0, 0x000002676cbc3998]
Event: 2.401 Thread 0x000002677cdf5000 2957       4       java.lang.String::<init> (15 bytes)
Event: 2.402 Thread 0x000002677cdf5000 nmethod 2957 0x000002676cbc3c10 code [0x000002676cbc3da0, 0x000002676cbc3ed8]

GC Heap History (10 events):
Event: 0.423 GC heap before
{Heap before GC invocations=0 (full 0):
 garbage-first heap   total 260096K, used 29696K [0x0000000080000000, 0x0000000100000000)
  region size 1024K, 24 young (24576K), 0 survivors (0K)
 Metaspace       used 10082K, capacity 10327K, committed 10624K, reserved 1058816K
  class space    used 1030K, capacity 1106K, committed 1152K, reserved 1048576K
}
Event: 0.425 GC heap after
{Heap after GC invocations=1 (full 0):
 garbage-first heap   total 260096K, used 9254K [0x0000000080000000, 0x0000000100000000)
  region size 1024K, 3 young (3072K), 3 survivors (3072K)
 Metaspace       used 10082K, capacity 10327K, committed 10624K, reserved 1058816K
  class space    used 1030K, capacity 1106K, committed 1152K, reserved 1048576K
}
Event: 1.484 GC heap before
{Heap before GC invocations=1 (full 0):
 garbage-first heap   total 260096K, used 107558K [0x0000000080000000, 0x0000000100000000)
  region size 1024K, 100 young (102400K), 3 survivors (3072K)
 Metaspace       used 20745K, capacity 21183K, committed 21296K, reserved 1069056K
  class space    used 2521K, capacity 2685K, committed 2688K, reserved 1048576K
}
Event: 1.489 GC heap after
{Heap after GC invocations=2 (full 0):
 garbage-first heap   total 260096K, used 17107K [0x0000000080000000, 0x0000000100000000)
  region size 1024K, 11 young (11264K), 11 survivors (11264K)
 Metaspace       used 20745K, capacity 21183K, committed 21296K, reserved 1069056K
  class space    used 2521K, capacity 2685K, committed 2688K, reserved 1048576K
}
Event: 1.615 GC heap before
{Heap before GC invocations=3 (full 0):
 garbage-first heap   total 260096K, used 37587K [0x0000000080000000, 0x0000000100000000)
  region size 1024K, 32 young (32768K), 11 survivors (11264K)
 Metaspace       used 22633K, capacity 23166K, committed 23472K, reserved 1069056K
  class space    used 2852K, capacity 3033K, committed 3072K, reserved 1048576K
}
Event: 1.618 GC heap after
{Heap after GC invocations=4 (full 0):
 garbage-first heap   total 260096K, used 17608K [0x0000000080000000, 0x0000000100000000)
  region size 1024K, 1 young (1024K), 1 survivors (1024K)
 Metaspace       used 22633K, capacity 23166K, committed 23472K, reserved 1069056K
  class space    used 2852K, capacity 3033K, committed 3072K, reserved 1048576K
}
Event: 2.214 GC heap before
{Heap before GC invocations=4 (full 0):
 garbage-first heap   total 260096K, used 111816K [0x0000000080000000, 0x0000000100000000)
  region size 1024K, 93 young (95232K), 1 survivors (1024K)
 Metaspace       used 32512K, capacity 33296K, committed 33584K, reserved 1079296K
  class space    used 4360K, capacity 4653K, committed 4736K, reserved 1048576K
}
Event: 2.216 GC heap after
{Heap after GC invocations=5 (full 0):
 garbage-first heap   total 260096K, used 20667K [0x0000000080000000, 0x0000000100000000)
  region size 1024K, 4 young (4096K), 4 survivors (4096K)
 Metaspace       used 32512K, capacity 33296K, committed 33584K, reserved 1079296K
  class space    used 4360K, capacity 4653K, committed 4736K, reserved 1048576K
}
Event: 2.327 GC heap before
{Heap before GC invocations=5 (full 0):
 garbage-first heap   total 260096K, used 30907K [0x0000000080000000, 0x0000000100000000)
  region size 1024K, 15 young (15360K), 4 survivors (4096K)
 Metaspace       used 34974K, capacity 35818K, committed 35920K, reserved 1081344K
  class space    used 4566K, capacity 4921K, committed 4992K, reserved 1048576K
}
Event: 2.330 GC heap after
{Heap after GC invocations=6 (full 0):
 garbage-first heap   total 260096K, used 22358K [0x0000000080000000, 0x0000000100000000)
  region size 1024K, 6 young (6144K), 6 survivors (6144K)
 Metaspace       used 34974K, capacity 35818K, committed 35920K, reserved 1081344K
  class space    used 4566K, capacity 4921K, committed 4992K, reserved 1048576K
}

Deoptimization events (20 events):
Event: 2.225 Thread 0x000002677eeac800 DEOPT PACKING pc=0x000002676cb97494 sp=0x000000aa6e4f7d30
Event: 2.225 Thread 0x000002677eeac800 DEOPT UNPACKING pc=0x0000026764faa1af sp=0x000000aa6e4f7ce8 mode 2
Event: 2.225 Thread 0x000002677eeac800 Uncommon trap: trap_request=0xffffffc6 fr.pc=0x000002676cb97494 relative=0x0000000000000214
Event: 2.225 Thread 0x000002677eeac800 Uncommon trap: reason=bimorphic_or_optimized_type_check action=maybe_recompile pc=0x000002676cb97494 method=java.io.BufferedInputStream.read([BII)I @ 101 c2
Event: 2.225 Thread 0x000002677eeac800 DEOPT PACKING pc=0x000002676cb97494 sp=0x000000aa6e4f7d30
Event: 2.225 Thread 0x000002677eeac800 DEOPT UNPACKING pc=0x0000026764faa1af sp=0x000000aa6e4f7ce8 mode 2
Event: 2.225 Thread 0x000002677eeac800 Uncommon trap: trap_request=0xffffffc6 fr.pc=0x000002676cb97494 relative=0x0000000000000214
Event: 2.225 Thread 0x000002677eeac800 Uncommon trap: reason=bimorphic_or_optimized_type_check action=maybe_recompile pc=0x000002676cb97494 method=java.io.BufferedInputStream.read([BII)I @ 101 c2
Event: 2.225 Thread 0x000002677eeac800 DEOPT PACKING pc=0x000002676cb97494 sp=0x000000aa6e4f7d30
Event: 2.225 Thread 0x000002677eeac800 DEOPT UNPACKING pc=0x0000026764faa1af sp=0x000000aa6e4f7ce8 mode 2
Event: 2.289 Thread 0x000002677eeac800 DEOPT PACKING pc=0x000002676592e7f6 sp=0x000000aa6e4f49e0
Event: 2.289 Thread 0x000002677eeac800 DEOPT UNPACKING pc=0x0000026764faa95e sp=0x000000aa6e4f3f00 mode 0
Event: 2.315 Thread 0x000002677eeac800 Uncommon trap: trap_request=0xffffffc6 fr.pc=0x000002676caa83f4 relative=0x0000000000000d94
Event: 2.315 Thread 0x000002677eeac800 Uncommon trap: reason=bimorphic_or_optimized_type_check action=maybe_recompile pc=0x000002676caa83f4 method=java.util.Properties$LineReader.readLine()I @ 70 c2
Event: 2.315 Thread 0x000002677eeac800 DEOPT PACKING pc=0x000002676caa83f4 sp=0x000000aa6e4f7e00
Event: 2.315 Thread 0x000002677eeac800 DEOPT UNPACKING pc=0x0000026764faa1af sp=0x000000aa6e4f7d98 mode 2
Event: 2.377 Thread 0x000002677eeac800 Uncommon trap: trap_request=0xffffff5c fr.pc=0x000002676cadaff8 relative=0x0000000000001138
Event: 2.377 Thread 0x000002677eeac800 Uncommon trap: reason=speculate_null_assert action=make_not_entrant pc=0x000002676cadaff8 method=jdk.internal.loader.URLClassPath$JarLoader.getResource(Ljava/lang/String;ZLjava/util/Set;)Ljdk/internal/loader/Resource; @ 17 c2
Event: 2.377 Thread 0x000002677eeac800 DEOPT PACKING pc=0x000002676cadaff8 sp=0x000000aa6e4f38d0
Event: 2.377 Thread 0x000002677eeac800 DEOPT UNPACKING pc=0x0000026764faa1af sp=0x000000aa6e4f3878 mode 2

Classes redefined (0 events):
No events

Internal exceptions (20 events):
Event: 2.168 Thread 0x000002677eeac800 Exception <a 'java/lang/NoSuchMethodError'{0x000000008a682c78}: 'java.lang.Object java.lang.invoke.Invokers$Holder.linkToTargetMethod(java.lang.Object, long, java.lang.Object)'> (0x000000008a682c78) thrown at [src/hotspot/share/interpreter/linkResolver.cpp, line 773]
Event: 2.172 Thread 0x000002677eeac800 Exception <a 'java/lang/NoSuchMethodError'{0x000000008a6d3880}: 'int java.lang.invoke.DirectMethodHandle$Holder.invokeStatic(java.lang.Object, java.lang.Object, java.lang.Object, java.lang.Object, java.lang.Object)'> (0x000000008a6d3880) thrown at [src/hotspot/share/interpreter/linkResolver.cpp, line 773]
Event: 2.176 Thread 0x000002677eeac800 Exception <a 'java/lang/NoSuchMethodError'{0x000000008a56d298}: 'int java.lang.invoke.DirectMethodHandle$Holder.invokeInterface(java.lang.Object, java.lang.Object)'> (0x000000008a56d298) thrown at [src/hotspot/share/interpreter/linkResolver.cpp, line 773]
Event: 2.177 Thread 0x000002677eeac800 Exception <a 'java/lang/NoSuchMethodError'{0x000000008a59ba08}: 'java.lang.Object java.lang.invoke.DirectMethodHandle$Holder.invokeStatic(java.lang.Object, java.lang.Object, int, java.lang.Object)'> (0x000000008a59ba08) thrown at [src/hotspot/share/interpreter/linkResolver.cpp, line 773]
Event: 2.177 Thread 0x000002677eeac800 Exception <a 'java/lang/NoSuchMethodError'{0x000000008a5a5d50}: 'java.lang.Object java.lang.invoke.Invokers$Holder.linkToTargetMethod(java.lang.Object, int, java.lang.Object, java.lang.Object)'> (0x000000008a5a5d50) thrown at [src/hotspot/share/interpreter/linkResolver.cpp, line 773]
Event: 2.199 Thread 0x000002677eeac800 Implicit null exception at 0x000002676cac257f to 0x000002676cac3755
Event: 2.253 Thread 0x000002677eeac800 Exception <a 'java/lang/NoSuchMethodError'{0x000000008f910f88}: 'void java.lang.invoke.DirectMethodHandle$Holder.invokeStaticInit(java.lang.Object, java.lang.Object, java.lang.Object)'> (0x000000008f910f88) thrown at [src/hotspot/share/interpreter/linkResolver.cpp, line 773]
Event: 2.254 Thread 0x000002677eeac800 Exception <a 'java/lang/NoSuchMethodError'{0x000000008f9181e0}: 'void java.lang.invoke.DirectMethodHandle$Holder.invokeStaticInit(java.lang.Object, java.lang.Object, java.lang.Object, java.lang.Object)'> (0x000000008f9181e0) thrown at [src/hotspot/share/interpreter/linkResolver.cpp, line 773]
Event: 2.255 Thread 0x000002677eeac800 Exception <a 'java/lang/NoSuchMethodError'{0x000000008f93abc0}: 'void java.lang.invoke.DirectMethodHandle$Holder.invokeStaticInit(java.lang.Object, java.lang.Object, java.lang.Object, java.lang.Object, java.lang.Object)'> (0x000000008f93abc0) thrown at [src/hotspot/share/interpreter/linkResolver.cpp, line 773]
Event: 2.270 Thread 0x000002677eeac800 Exception <a 'java/lang/NoSuchMethodError'{0x000000008f9b22f0}: 'int java.lang.invoke.DirectMethodHandle$Holder.invokeStaticInit(java.lang.Object, java.lang.Object, java.lang.Object, java.lang.Object)'> (0x000000008f9b22f0) thrown at [src/hotspot/share/interpreter/linkResolver.cpp, line 773]
Event: 2.374 Thread 0x000002677eeac800 Exception <a 'java/lang/NoSuchMethodError'{0x000000008faad430}: 'java.lang.Object java.lang.invoke.DirectMethodHandle$Holder.invokeStatic(java.lang.Object, java.lang.Object, java.lang.Object, java.lang.Object, java.lang.Object, java.lang.Object, java.lang.Object, java.lang.Object, java.lang.Object, java.lang.Object, java.lang.Object, int)'> (0x000000008faad430) thrown at [src/hotspot/share/interpreter/linkResolver.cpp, line 773]
Event: 2.375 Thread 0x000002677eeac800 Exception <a 'java/lang/NoSuchMethodError'{0x000000008facc078}: 'java.lang.Object java.lang.invoke.DirectMethodHandle$Holder.invokeStatic(java.lang.Object, java.lang.Object, java.lang.Object, java.lang.Object, java.lang.Object, java.lang.Object, java.lang.Object, java.lang.Object, java.lang.Object, java.lang.Object, java.lang.Object, int, int)'> (0x000000008facc078) thrown at [src/hotspot/share/interpreter/linkResolver.cpp, line 773]
Event: 2.376 Thread 0x000002677eeac800 Exception <a 'java/lang/NoSuchMethodError'{0x000000008faebb50}: 'java.lang.Object java.lang.invoke.DirectMethodHandle$Holder.invokeStatic(java.lang.Object, java.lang.Object, java.lang.Object, java.lang.Object, java.lang.Object, java.lang.Object, java.lang.Object, java.lang.Object, java.lang.Object, java.lang.Object, java.lang.Object, int, int, java.lang.Object)'> (0x000000008faebb50) thrown at [src/hotspot/share/interpreter/linkResolver.cpp, line 773]
Event: 2.376 Thread 0x000002677eeac800 Exception <a 'java/lang/NoSuchMethodError'{0x000000008f90d390}: 'java.lang.Object java.lang.invoke.DirectMethodHandle$Holder.invokeStatic(java.lang.Object, java.lang.Object, java.lang.Object, java.lang.Object, java.lang.Object, java.lang.Object, java.lang.Object, java.lang.Object, java.lang.Object, java.lang.Object, java.lang.Object, int, int, java.lang.Object, java.lang.Object)'> (0x000000008f90d390) thrown at [src/hotspot/share/interpreter/linkResolver.cpp, line 773]
Event: 2.377 Thread 0x000002677eeac800 Exception <a 'java/lang/ClassNotFoundException'{0x000000008f93da50}: groovy/lang/ExpandoMetaClassBeanInfo> (0x000000008f93da50) thrown at [src/hotspot/share/classfile/systemDictionary.cpp, line 230]
Event: 2.378 Thread 0x000002677eeac800 Exception <a 'java/lang/ClassNotFoundException'{0x000000008f95e2e8}: groovy/lang/MetaClassImplBeanInfo> (0x000000008f95e2e8) thrown at [src/hotspot/share/classfile/systemDictionary.cpp, line 230]
Event: 2.378 Thread 0x000002677eeac800 Exception <a 'java/lang/ClassNotFoundException'{0x000000008f967840}: java/lang/ObjectBeanInfo> (0x000000008f967840) thrown at [src/hotspot/share/classfile/systemDictionary.cpp, line 230]
Event: 2.378 Thread 0x000002677eeac800 Exception <a 'java/lang/ClassNotFoundException'{0x000000008f973208}: java/lang/ObjectCustomizer> (0x000000008f973208) thrown at [src/hotspot/share/classfile/systemDictionary.cpp, line 230]
Event: 2.382 Thread 0x000002677eeac800 Exception <a 'java/lang/ClassNotFoundException'{0x000000008f99ab28}: groovy/lang/MetaClassImplCustomizer> (0x000000008f99ab28) thrown at [src/hotspot/share/classfile/systemDictionary.cpp, line 230]
Event: 2.383 Thread 0x000002677eeac800 Exception <a 'java/lang/ClassNotFoundException'{0x000000008f9daea0}: groovy/lang/ExpandoMetaClassCustomizer> (0x000000008f9daea0) thrown at [src/hotspot/share/classfile/systemDictionary.cpp, line 230]

Events (20 events):
Event: 2.401 loading class java/util/concurrent/locks/StampedLock
Event: 2.401 loading class java/util/concurrent/locks/StampedLock done
Event: 2.401 loading class java/util/concurrent/locks/StampedLock$WNode
Event: 2.401 loading class java/util/concurrent/locks/StampedLock$WNode done
Event: 2.401 loading class org/codehaus/groovy/runtime/memoize/CommonCache
Event: 2.401 loading class org/codehaus/groovy/runtime/memoize/CommonCache done
Event: 2.402 loading class groovy/lang/GroovyClassLoader$1
Event: 2.402 loading class groovy/lang/GroovyClassLoader$1 done
Event: 2.402 loading class org/codehaus/groovy/control/CompilerConfiguration
Event: 2.402 loading class org/codehaus/groovy/control/CompilerConfiguration done
Event: 2.403 loading class org/codehaus/groovy/control/io/NullWriter
Event: 2.403 loading class org/codehaus/groovy/control/io/NullWriter done
Event: 2.403 loading class org/codehaus/groovy/control/CompilerConfiguration$1
Event: 2.403 loading class org/codehaus/groovy/control/CompilerConfiguration$1 done
Event: 2.403 loading class org/codehaus/groovy/control/ConfigurationException
Event: 2.403 loading class org/codehaus/groovy/control/ConfigurationException done
Event: 2.403 loading class org/codehaus/groovy/GroovyExceptionInterface
Event: 2.403 loading class org/codehaus/groovy/GroovyExceptionInterface done
Event: 2.403 loading class org/apache/groovy/util/Maps
Event: 2.403 loading class org/apache/groovy/util/Maps done


Dynamic libraries:
0x00007ff6e7d60000 - 0x00007ff6e7d6a000 	C:\Program Files\Android\Android Studio\jbr\bin\java.exe
0x00007ffac3550000 - 0x00007ffac3748000 	C:\Windows\SYSTEM32\ntdll.dll
0x00007ffa817a0000 - 0x00007ffa817b9000 	C:\Program Files\Avast Software\Avast\aswhook.dll
0x00007ffac25c0000 - 0x00007ffac267f000 	C:\Windows\System32\KERNEL32.DLL
0x00007ffac1090000 - 0x00007ffac136a000 	C:\Windows\System32\KERNELBASE.dll
0x00007ffac1480000 - 0x00007ffac1580000 	C:\Windows\System32\ucrtbase.dll
0x00007ffab9670000 - 0x00007ffab968b000 	C:\Program Files\Android\Android Studio\jbr\bin\VCRUNTIME140.dll
0x00007ffab1320000 - 0x00007ffab1337000 	C:\Program Files\Android\Android Studio\jbr\bin\jli.dll
0x00007ffac2f10000 - 0x00007ffac30ad000 	C:\Windows\System32\USER32.dll
0x00007ffac0f60000 - 0x00007ffac0f82000 	C:\Windows\System32\win32u.dll
0x00007ffaaa270000 - 0x00007ffaaa50a000 	C:\Windows\WinSxS\amd64_microsoft.windows.common-controls_6595b64144ccf1df_6.0.19041.1110_none_60b5254171f9507e\COMCTL32.dll
0x00007ffac34b0000 - 0x00007ffac34db000 	C:\Windows\System32\GDI32.dll
0x00007ffac30b0000 - 0x00007ffac314e000 	C:\Windows\System32\msvcrt.dll
0x00007ffac0c60000 - 0x00007ffac0d70000 	C:\Windows\System32\gdi32full.dll
0x00007ffac1370000 - 0x00007ffac140d000 	C:\Windows\System32\msvcp_win.dll
0x00007ffac34e0000 - 0x00007ffac3510000 	C:\Windows\System32\IMM32.DLL
0x00007ffab9660000 - 0x00007ffab966c000 	C:\Program Files\Android\Android Studio\jbr\bin\vcruntime140_1.dll
0x00007ffaa0320000 - 0x00007ffaa03ad000 	C:\Program Files\Android\Android Studio\jbr\bin\msvcp140.dll
0x00007ffa99790000 - 0x00007ffa9a34c000 	C:\Program Files\Android\Android Studio\jbr\bin\server\jvm.dll
0x00007ffac2970000 - 0x00007ffac2a1e000 	C:\Windows\System32\ADVAPI32.dll
0x00007ffac2680000 - 0x00007ffac271c000 	C:\Windows\System32\sechost.dll
0x00007ffac2830000 - 0x00007ffac2956000 	C:\Windows\System32\RPCRT4.dll
0x00007ffac1d70000 - 0x00007ffac1d78000 	C:\Windows\System32\PSAPI.DLL
0x00007ffa9b6d0000 - 0x00007ffa9b6d9000 	C:\Windows\SYSTEM32\WSOCK32.dll
0x00007ffabc2d0000 - 0x00007ffabc2f7000 	C:\Windows\SYSTEM32\WINMM.dll
0x00007ffab7910000 - 0x00007ffab791a000 	C:\Windows\SYSTEM32\VERSION.dll
0x00007ffac24d0000 - 0x00007ffac253b000 	C:\Windows\System32\WS2_32.dll
0x00007ffabf500000 - 0x00007ffabf512000 	C:\Windows\SYSTEM32\kernel.appcore.dll
0x00007ffabbca0000 - 0x00007ffabbcb0000 	C:\Program Files\Android\Android Studio\jbr\bin\verify.dll
0x00007ffabf140000 - 0x00007ffabf324000 	C:\Windows\SYSTEM32\DBGHELP.DLL
0x00007ffab2300000 - 0x00007ffab2334000 	C:\Windows\SYSTEM32\dbgcore.DLL
0x00007ffac0ed0000 - 0x00007ffac0f52000 	C:\Windows\System32\bcryptPrimitives.dll
0x00007ffabb9a0000 - 0x00007ffabb9c8000 	C:\Program Files\Android\Android Studio\jbr\bin\java.dll
0x00007ffabbba0000 - 0x00007ffabbbaa000 	C:\Program Files\Android\Android Studio\jbr\bin\jimage.dll
0x00007ffabb830000 - 0x00007ffabb848000 	C:\Program Files\Android\Android Studio\jbr\bin\zip.dll
0x00007ffac1d80000 - 0x00007ffac24c4000 	C:\Windows\System32\SHELL32.dll
0x00007ffabe9a0000 - 0x00007ffabf133000 	C:\Windows\SYSTEM32\windows.storage.dll
0x00007ffac3150000 - 0x00007ffac34a4000 	C:\Windows\System32\combase.dll
0x00007ffac05e0000 - 0x00007ffac060e000 	C:\Windows\SYSTEM32\Wldp.dll
0x00007ffac2dd0000 - 0x00007ffac2e7d000 	C:\Windows\System32\SHCORE.dll
0x00007ffac1820000 - 0x00007ffac1875000 	C:\Windows\System32\shlwapi.dll
0x00007ffac0ba0000 - 0x00007ffac0bbf000 	C:\Windows\SYSTEM32\profapi.dll
0x00007ffabb810000 - 0x00007ffabb829000 	C:\Program Files\Android\Android Studio\jbr\bin\net.dll
0x00007ffab8640000 - 0x00007ffab874a000 	C:\Windows\SYSTEM32\WINHTTP.dll
0x00007ffac0340000 - 0x00007ffac03aa000 	C:\Windows\system32\mswsock.dll
0x00007ffabb780000 - 0x00007ffabb793000 	C:\Program Files\Android\Android Studio\jbr\bin\nio.dll
0x00007ffaab370000 - 0x00007ffaab397000 	C:\Users\Usuario\.gradle\native\e1d6ef7f7dcc3fd88c89a11ec53ec762bb8ba0a96d01ffa2cd45eb1d1d8dd5c5\windows-amd64\native-platform.dll
0x00007ffa9a500000 - 0x00007ffa9a644000 	C:\Users\Usuario\.gradle\native\0d407fdbe67a94daf76414ababcb853783967236a71b16ec16e742cd7a986fd3\windows-amd64\native-platform-file-events.dll
0x00007ffabe0a0000 - 0x00007ffabe0aa000 	C:\Program Files\Android\Android Studio\jbr\bin\management.dll
0x00007ffabe090000 - 0x00007ffabe09b000 	C:\Program Files\Android\Android Studio\jbr\bin\management_ext.dll
0x00007ffac0540000 - 0x00007ffac0558000 	C:\Windows\SYSTEM32\CRYPTSP.dll
0x00007ffabfc60000 - 0x00007ffabfc94000 	C:\Windows\system32\rsaenh.dll
0x00007ffac1580000 - 0x00007ffac15a7000 	C:\Windows\System32\bcrypt.dll
0x00007ffac0b60000 - 0x00007ffac0b8e000 	C:\Windows\SYSTEM32\USERENV.dll
0x00007ffac0530000 - 0x00007ffac053c000 	C:\Windows\SYSTEM32\CRYPTBASE.dll
0x00007ffac0030000 - 0x00007ffac006c000 	C:\Windows\SYSTEM32\IPHLPAPI.DLL
0x00007ffac2dc0000 - 0x00007ffac2dc8000 	C:\Windows\System32\NSI.dll
0x00007ffab8910000 - 0x00007ffab8927000 	C:\Windows\SYSTEM32\dhcpcsvc6.DLL
0x00007ffab9510000 - 0x00007ffab952d000 	C:\Windows\SYSTEM32\dhcpcsvc.DLL
0x00007ffac0070000 - 0x00007ffac013b000 	C:\Windows\SYSTEM32\DNSAPI.dll

dbghelp: loaded successfully - version: 4.0.5 - missing functions: none
symbol engine: initialized successfully - sym options: 0x614 - pdb path: .;C:\Program Files\Android\Android Studio\jbr\bin;C:\Windows\SYSTEM32;C:\Program Files\Avast Software\Avast;C:\Windows\WinSxS\amd64_microsoft.windows.common-controls_6595b64144ccf1df_6.0.19041.1110_none_60b5254171f9507e;C:\Program Files\Android\Android Studio\jbr\bin\server;C:\Users\Usuario\.gradle\native\e1d6ef7f7dcc3fd88c89a11ec53ec762bb8ba0a96d01ffa2cd45eb1d1d8dd5c5\windows-amd64;C:\Users\Usuario\.gradle\native\0d407fdbe67a94daf76414ababcb853783967236a71b16ec16e742cd7a986fd3\windows-amd64

VM Arguments:
jvm_args: --add-opens=java.base/java.util=ALL-UNNAMED --add-opens=java.base/java.lang=ALL-UNNAMED --add-opens=java.base/java.lang.invoke=ALL-UNNAMED --add-opens=java.base/java.util=ALL-UNNAMED --add-opens=java.prefs/java.util.prefs=ALL-UNNAMED --add-opens=java.prefs/java.util.prefs=ALL-UNNAMED --add-opens=java.base/java.nio.charset=ALL-UNNAMED --add-opens=java.base/java.net=ALL-UNNAMED --add-opens=java.base/java.util.concurrent.atomic=ALL-UNNAMED -Xmx2048m -Dfile.encoding=UTF-8 -Duser.country=ES -Duser.language=es -Duser.variant 
java_command: org.gradle.launcher.daemon.bootstrap.GradleDaemon 7.5
java_class_path (initial): C:\Users\Usuario\.gradle\wrapper\dists\gradle-7.5-bin\f1w0cc9nuo0eivz97x2xlu9sv\gradle-7.5\lib\gradle-launcher-7.5.jar
Launcher Type: SUN_STANDARD

[Global flags]
     intx CICompilerCount                          = 4                                         {product} {ergonomic}
     uint ConcGCThreads                            = 3                                         {product} {ergonomic}
     uint G1ConcRefinementThreads                  = 10                                        {product} {ergonomic}
   size_t G1HeapRegionSize                         = 1048576                                   {product} {ergonomic}
    uintx GCDrainStackTargetSize                   = 64                                        {product} {ergonomic}
   size_t InitialHeapSize                          = 266338304                                 {product} {ergonomic}
   size_t MarkStackSize                            = 4194304                                   {product} {ergonomic}
   size_t MaxHeapSize                              = 2147483648                                {product} {command line}
   size_t MaxNewSize                               = 1287651328                                {product} {ergonomic}
   size_t MinHeapDeltaBytes                        = 1048576                                   {product} {ergonomic}
    uintx NonNMethodCodeHeapSize                   = 5836300                                {pd product} {ergonomic}
    uintx NonProfiledCodeHeapSize                  = 122910970                              {pd product} {ergonomic}
    uintx ProfiledCodeHeapSize                     = 122910970                              {pd product} {ergonomic}
    uintx ReservedCodeCacheSize                    = 251658240                              {pd product} {ergonomic}
     bool SegmentedCodeCache                       = true                                      {product} {ergonomic}
     bool UseCompressedClassPointers               = true                                 {lp64_product} {ergonomic}
     bool UseCompressedOops                        = true                                 {lp64_product} {ergonomic}
     bool UseG1GC                                  = true                                      {product} {ergonomic}
     bool UseLargePagesIndividualAllocation        = false                                  {pd product} {ergonomic}

Logging:
Log output configuration:
 #0: stdout all=warning uptime,level,tags
 #1: stderr all=off uptime,level,tags

Environment Variables:
PATH=C:\Program Files\Common Files\Oracle\Java\javapath;C:\Windows\system32;C:\Windows;C:\Windows\System32\Wbem;C:\Windows\System32\WindowsPowerShell\v1.0\;C:\Windows\System32\OpenSSH\;C:\Users\Usuario\AppData\Roaming\nvm;C:\Program Files\nodejs;C:\Program Files\Git\cmd;C:\Users\Usuario\AppData\Local\Microsoft\WindowsApps;C:\Users\Usuario\AppData\Roaming\nvm;C:\Program Files\nodejs
USERNAME=Usuario
OS=Windows_NT
PROCESSOR_IDENTIFIER=Intel64 Family 6 Model 151 Stepping 5, GenuineIntel



---------------  S Y S T E M  ---------------

OS: Windows 10 , 64 bit Build 19041 (10.0.19041.2788)
OS uptime: 2 days 14:27 hours

CPU:total 12 (initial active 12) (6 cores per cpu, 2 threads per core) family 6 model 151 stepping 5 microcode 0xf, cmov, cx8, fxsr, mmx, sse, sse2, sse3, ssse3, sse4.1, sse4.2, popcnt, avx, avx2, aes, clmul, erms, 3dnowpref, lzcnt, ht, tsc, tscinvbit, bmi1, bmi2, adx, sha, fma

Memory: 4k page, system-wide physical 16197M (3708M free)
TotalPageFile size 20165M (AvailPageFile size 10M)
current process WorkingSet (physical memory assigned to process): 277M, peak: 283M
current process commit charge ("private bytes"): 445M, peak: 453M

vm_info: OpenJDK 64-Bit Server VM (11.0.15+0-b2043.56-9505619) for windows-amd64 JRE (11.0.15+0-b2043.56-9505619), built on Jan 19 2023 02:48:00 by "builduser" with unknown MS VC++:1929

END.
